[Client] Created with connection socket: 4
[Client] Started
[SocketWriter] [4] Writed 16 bytes
[SocketWriter] [4] message:
	type: 1
	size: 0
	text: 
[SocketReader] [4] Received 16 bytes
[SocketReader] [4] Readed message:
	type: 2
	size: 0
	text: 
[Client] acess granted
[SocketWriter] [4] Writed 24 bytes
[SocketWriter] [4] message:
	type: 3
	size: 8
	text: create 1
[SocketReader] [4] Received 58 bytes
[SocketReader] [4] Readed message:
	type: 4
	size: 42
	text: Room created, waiting for second player...
[SocketReader] [4] Received 60 bytes
[SocketReader] [4] Readed message:
	type: 4
	size: 44
	text: Other player connected to room, game started
[SocketWriter] [4] Writed 25 bytes
[SocketWriter] [4] message:
	type: 3
	size: 9
	text: answer 30
[SocketReader] [4] Received 20 bytes
[SocketReader] [4] Readed message:
	type: 4
	size: 4
	text: More
[SocketWriter] [4] Writed 25 bytes
[SocketWriter] [4] message:
	type: 3
	size: 9
	text: answer 40
[SocketReader] [4] Received 20 bytes
[SocketReader] [4] Readed message:
	type: 4
	size: 4
	text: More
[SocketWriter] [4] Writed 25 bytes
[SocketWriter] [4] message:
	type: 3
	size: 9
	text: answer 81
[SocketReader] [4] Received 53 bytes
[SocketReader] [4] Readed message:
	type: 4
	size: 37
	text: Other player guessed number, you lost
[SocketReader] [4] Received 38 bytes
[SocketReader] [4] Readed message:
	type: 4
	size: 22
	text: [Error] Room not exist
[SocketWriter] [4] Writed 16 bytes
[SocketWriter] [4] message:
	type: 3
	size: 0
	text: 
[SocketReader] [4] Received 38 bytes
[SocketReader] [4] Readed message:
	type: 4
	size: 22
	text: [Error] invalid action
[SocketWriter] [4] Writed 16 bytes
[SocketWriter] [4] message:
	type: 3
	size: 0
	text: 
[SocketReader] [4] Received 38 bytes
[SocketReader] [4] Readed message:
	type: 4
	size: 22
	text: [Error] invalid action
[SocketWriter] [4] Writed 16 bytes
[SocketWriter] [4] message:
	type: 3
	size: 0
	text: 
[SocketReader] [4] Received 38 bytes
[SocketReader] [4] Readed message:
	type: 4
	size: 22
	text: [Error] invalid action
[SocketWriter] [4] Writed 16 bytes
[SocketWriter] [4] message:
	type: 3
	size: 0
	text: 
[SocketReader] [4] Received 38 bytes
[SocketReader] [4] Readed message:
	type: 4
	size: 22
	text: [Error] invalid action
[SocketWriter] [4] Writed 16 bytes
[SocketWriter] [4] message:
	type: 3
	size: 0
	text: 
[SocketReader] [4] Received 38 bytes
[SocketReader] [4] Readed message:
	type: 4
	size: 22
	text: [Error] invalid action
[SocketWriter] [4] Writed 16 bytes
[SocketWriter] [4] message:
	type: 3
	size: 0
	text: 
[SocketReader] [4] Received 38 bytes
[SocketReader] [4] Readed message:
	type: 4
	size: 22
	text: [Error] invalid action
[SocketWriter] [4] Writed 16 bytes
[SocketWriter] [4] message:
	type: 3
	size: 0
	text: 
[SocketReader] [4] Received 38 bytes
[SocketReader] [4] Readed message:
	type: 4
	size: 22
	text: [Error] invalid action
[SocketWriter] [4] Writed 16 bytes
[SocketWriter] [4] message:
	type: 3
	size: 0
	text: 
[SocketReader] [4] Received 38 bytes
[SocketReader] [4] Readed message:
	type: 4
	size: 22
	text: [Error] invalid action
[SocketWriter] [4] Writed 16 bytes
[SocketWriter] [4] message:
	type: 3
	size: 0
	text: 
[SocketReader] [4] Received 38 bytes
[SocketReader] [4] Readed message:
	type: 4
	size: 22
	text: [Error] invalid action
[SocketWriter] [4] Writed 16 bytes
[SocketWriter] [4] message:
	type: 3
	size: 0
	text: 
[SocketReader] [4] Received 38 bytes
[SocketReader] [4] Readed message:
	type: 4
	size: 22
	text: [Error] invalid action
[SocketWriter] [4] Writed 16 bytes
[SocketWriter] [4] message:
	type: 3
	size: 0
	text: 
[SocketReader] [4] Received 38 bytes
[SocketReader] [4] Readed message:
	type: 4
	size: 22
	text: [Error] invalid action
[SocketWriter] [4] Writed 16 bytes
[SocketWriter] [4] message:
	type: 3
	size: 0
	text: 
[SocketReader] [4] Received 38 bytes
[SocketReader] [4] Readed message:
	type: 4
	size: 22
	text: [Error] invalid action
[SocketWriter] [4] Writed 16 bytes
[SocketWriter] [4] message:
	type: 3
	size: 0
	text: 
[SocketReader] [4] Received 38 bytes
[SocketReader] [4] Readed message:
	type: 4
	size: 22
	text: [Error] invalid action
[SocketWriter] [4] Writed 16 bytes
[SocketWriter] [4] message:
	type: 3
	size: 0
	text: 
[SocketReader] [4] Received 38 bytes
[SocketReader] [4] Readed message:
	type: 4
	size: 22
	text: [Error] invalid action
[SocketWriter] [4] Writed 16 bytes
[SocketWriter] [4] message:
	type: 3
	size: 0
	text: 
[SocketReader] [4] Received 38 bytes
[SocketReader] [4] Readed message:
	type: 4
	size: 22
	text: [Error] invalid action
[SocketWriter] [4] Writed 16 bytes
[SocketWriter] [4] message:
	type: 3
	size: 0
	text: 
[SocketReader] [4] Received 38 bytes
[SocketReader] [4] Readed message:
	type: 4
	size: 22
	text: [Error] invalid action
[SocketWriter] [4] Writed 16 bytes
[SocketWriter] [4] message:
	type: 3
	size: 0
	text: 
[SocketReader] [4] Received 38 bytes
[SocketReader] [4] Readed message:
	type: 4
	size: 22
	text: [Error] invalid action
[SocketWriter] [4] Writed 16 bytes
[SocketWriter] [4] message:
	type: 3
	size: 0
	text: 
[SocketReader] [4] Received 38 bytes
[SocketReader] [4] Readed message:
	type: 4
	size: 22
	text: [Error] invalid action
[SocketWriter] [4] Writed 16 bytes
[SocketWriter] [4] message:
	type: 3
	size: 0
	text: 
[SocketReader] [4] Received 38 bytes
[SocketReader] [4] Readed message:
	type: 4
	size: 22
	text: [Error] invalid action
[SocketWriter] [4] Writed 16 bytes
[SocketWriter] [4] message:
	type: 3
	size: 0
	text: 
[SocketReader] [4] Received 38 bytes
[SocketReader] [4] Readed message:
	type: 4
	size: 22
	text: [Error] invalid action
[SocketWriter] [4] Writed 16 bytes
[SocketWriter] [4] message:
	type: 3
	size: 0
	text: 
[SocketReader] [4] Received 38 bytes
[SocketReader] [4] Readed message:
	type: 4
	size: 22
	text: [Error] invalid action
[SocketWriter] [4] Writed 16 bytes
[SocketWriter] [4] message:
	type: 3
	size: 0
	text: 
[SocketReader] [4] Received 38 bytes
[SocketReader] [4] Readed message:
	type: 4
	size: 22
	text: [Error] invalid action
[SocketWriter] [4] Writed 16 bytes
[SocketWriter] [4] message:
	type: 3
	size: 0
	text: 
[SocketReader] [4] Received 38 bytes
[SocketReader] [4] Readed message:
	type: 4
	size: 22
	text: [Error] invalid action
[SocketWriter] [4] Writed 16 bytes
[SocketWriter] [4] message:
	type: 3
	size: 0
	text: 
[SocketReader] [4] Received 38 bytes
[SocketReader] [4] Readed message:
	type: 4
	size: 22
	text: [Error] invalid action
[SocketWriter] [4] Writed 16 bytes
[SocketWriter] [4] message:
	type: 3
	size: 0
	text: 
[SocketReader] [4] Received 38 bytes
[SocketReader] [4] Readed message:
	type: 4
	size: 22
	text: [Error] invalid action
[SocketWriter] [4] Writed 16 bytes
[SocketWriter] [4] message:
	type: 3
	size: 0
	text: 
[SocketReader] [4] Received 38 bytes
[SocketReader] [4] Readed message:
	type: 4
	size: 22
	text: [Error] invalid action
[SocketWriter] [4] Writed 16 bytes
[SocketWriter] [4] message:
	type: 3
	size: 0
	text: 
[SocketReader] [4] Received 38 bytes
[SocketReader] [4] Readed message:
	type: 4
	size: 22
	text: [Error] invalid action
[SocketWriter] [4] Writed 16 bytes
[SocketWriter] [4] message:
	type: 3
	size: 0
	text: 
[SocketReader] [4] Received 38 bytes
[SocketReader] [4] Readed message:
	type: 4
	size: 22
	text: [Error] invalid action
[SocketWriter] [4] Writed 16 bytes
[SocketWriter] [4] message:
	type: 3
	size: 0
	text: 
[SocketReader] [4] Received 38 bytes
[SocketReader] [4] Readed message:
	type: 4
	size: 22
	text: [Error] invalid action
[SocketWriter] [4] Writed 16 bytes
[SocketWriter] [4] message:
	type: 3
	size: 0
	text: 
[SocketReader] [4] Received 38 bytes
[SocketReader] [4] Readed message:
	type: 4
	size: 22
	text: [Error] invalid action
[SocketWriter] [4] Writed 16 bytes
[SocketWriter] [4] message:
	type: 3
	size: 0
	text: 
[SocketReader] [4] Received 38 bytes
[SocketReader] [4] Readed message:
	type: 4
	size: 22
	text: [Error] invalid action
[SocketWriter] [4] Writed 16 bytes
[SocketWriter] [4] message:
	type: 3
	size: 0
	text: 
[SocketReader] [4] Received 38 bytes
[SocketReader] [4] Readed message:
	type: 4
	size: 22
	text: [Error] invalid action
[SocketWriter] [4] Writed 16 bytes
[SocketWriter] [4] message:
	type: 3
	size: 0
	text: 
[SocketReader] [4] Received 38 bytes
[SocketReader] [4] Readed message:
	type: 4
	size: 22
	text: [Error] invalid action
[SocketWriter] [4] Writed 16 bytes
[SocketWriter] [4] message:
	type: 3
	size: 0
	text: 
[SocketReader] [4] Received 38 bytes
[SocketReader] [4] Readed message:
	type: 4
	size: 22
	text: [Error] invalid action
[SocketWriter] [4] Writed 16 bytes
[SocketWriter] [4] message:
	type: 3
	size: 0
	text: 
[SocketReader] [4] Received 38 bytes
[SocketReader] [4] Readed message:
	type: 4
	size: 22
	text: [Error] invalid action
[SocketWriter] [4] Writed 16 bytes
[SocketWriter] [4] message:
	type: 3
	size: 0
	text: 
[SocketReader] [4] Received 38 bytes
[SocketReader] [4] Readed message:
	type: 4
	size: 22
	text: [Error] invalid action
[SocketWriter] [4] Writed 16 bytes
[SocketWriter] [4] message:
	type: 3
	size: 0
	text: 
[SocketReader] [4] Received 38 bytes
[SocketReader] [4] Readed message:
	type: 4
	size: 22
	text: [Error] invalid action
[SocketWriter] [4] Writed 16 bytes
[SocketWriter] [4] message:
	type: 3
	size: 0
	text: 
[SocketReader] [4] Received 38 bytes
[SocketReader] [4] Readed message:
	type: 4
	size: 22
	text: [Error] invalid action
[SocketWriter] [4] Writed 16 bytes
[SocketWriter] [4] message:
	type: 3
	size: 0
	text: 
[SocketReader] [4] Received 38 bytes
[SocketReader] [4] Readed message:
	type: 4
	size: 22
	text: [Error] invalid action
[SocketWriter] [4] Writed 16 bytes
[SocketWriter] [4] message:
	type: 3
	size: 0
	text: 
[SocketReader] [4] Received 38 bytes
[SocketReader] [4] Readed message:
	type: 4
	size: 22
	text: [Error] invalid action
[SocketWriter] [4] Writed 16 bytes
[SocketWriter] [4] message:
	type: 3
	size: 0
	text: 
[SocketReader] [4] Received 38 bytes
[SocketReader] [4] Readed message:
	type: 4
	size: 22
	text: [Error] invalid action
[SocketWriter] [4] Writed 16 bytes
[SocketWriter] [4] message:
	type: 3
	size: 0
	text: 
[SocketReader] [4] Received 38 bytes
[SocketReader] [4] Readed message:
	type: 4
	size: 22
	text: [Error] invalid action
[SocketWriter] [4] Writed 16 bytes
[SocketWriter] [4] message:
	type: 3
	size: 0
	text: 
[SocketReader] [4] Received 38 bytes
[SocketReader] [4] Readed message:
	type: 4
	size: 22
	text: [Error] invalid action
[SocketWriter] [4] Writed 16 bytes
[SocketWriter] [4] message:
	type: 3
	size: 0
	text: 
[SocketReader] [4] Received 38 bytes
[SocketReader] [4] Readed message:
	type: 4
	size: 22
	text: [Error] invalid action
[SocketWriter] [4] Writed 16 bytes
[SocketWriter] [4] message:
	type: 3
	size: 0
	text: 
[SocketReader] [4] Received 38 bytes
[SocketReader] [4] Readed message:
	type: 4
	size: 22
	text: [Error] invalid action
[SocketWriter] [4] Writed 16 bytes
[SocketWriter] [4] message:
	type: 3
	size: 0
	text: 
[SocketReader] [4] Received 38 bytes
[SocketReader] [4] Readed message:
	type: 4
	size: 22
	text: [Error] invalid action
[SocketWriter] [4] Writed 16 bytes
[SocketWriter] [4] message:
	type: 3
	size: 0
	text: 
[SocketReader] [4] Received 38 bytes
[SocketReader] [4] Readed message:
	type: 4
	size: 22
	text: [Error] invalid action
[SocketWriter] [4] Writed 16 bytes
[SocketWriter] [4] message:
	type: 3
	size: 0
	text: 
[SocketReader] [4] Received 38 bytes
[SocketReader] [4] Readed message:
	type: 4
	size: 22
	text: [Error] invalid action
[SocketWriter] [4] Writed 16 bytes
[SocketWriter] [4] message:
	type: 3
	size: 0
	text: 
[SocketReader] [4] Received 38 bytes
[SocketReader] [4] Readed message:
	type: 4
	size: 22
	text: [Error] invalid action
[SocketWriter] [4] Writed 16 bytes
[SocketWriter] [4] message:
	type: 3
	size: 0
	text: 
[SocketReader] [4] Received 38 bytes
[SocketReader] [4] Readed message:
	type: 4
	size: 22
	text: [Error] invalid action
[SocketWriter] [4] Writed 16 bytes
[SocketWriter] [4] message:
	type: 3
	size: 0
	text: 
[SocketReader] [4] Received 38 bytes
[SocketReader] [4] Readed message:
	type: 4
	size: 22
	text: [Error] invalid action
[SocketWriter] [4] Writed 16 bytes
[SocketWriter] [4] message:
	type: 3
	size: 0
	text: 
[SocketReader] [4] Received 38 bytes
[SocketReader] [4] Readed message:
	type: 4
	size: 22
	text: [Error] invalid action
[SocketWriter] [4] Writed 16 bytes
[SocketWriter] [4] message:
	type: 3
	size: 0
	text: 
[SocketReader] [4] Received 38 bytes
[SocketReader] [4] Readed message:
	type: 4
	size: 22
	text: [Error] invalid action
[SocketWriter] [4] Writed 16 bytes
[SocketWriter] [4] message:
	type: 3
	size: 0
	text: 
[SocketReader] [4] Received 38 bytes
[SocketReader] [4] Readed message:
	type: 4
	size: 22
	text: [Error] invalid action
[SocketWriter] [4] Writed 16 bytes
[SocketWriter] [4] message:
	type: 3
	size: 0
	text: 
[SocketReader] [4] Received 38 bytes
[SocketReader] [4] Readed message:
	type: 4
	size: 22
	text: [Error] invalid action
[SocketWriter] [4] Writed 16 bytes
[SocketWriter] [4] message:
	type: 3
	size: 0
	text: 
[SocketReader] [4] Received 38 bytes
[SocketReader] [4] Readed message:
	type: 4
	size: 22
	text: [Error] invalid action
[SocketWriter] [4] Writed 16 bytes
[SocketWriter] [4] message:
	type: 3
	size: 0
	text: 
[SocketReader] [4] Received 38 bytes
[SocketReader] [4] Readed message:
	type: 4
	size: 22
	text: [Error] invalid action
[SocketWriter] [4] Writed 16 bytes
[SocketWriter] [4] message:
	type: 3
	size: 0
	text: 
[SocketReader] [4] Received 38 bytes
[SocketReader] [4] Readed message:
	type: 4
	size: 22
	text: [Error] invalid action
[SocketWriter] [4] Writed 16 bytes
[SocketWriter] [4] message:
	type: 3
	size: 0
	text: 
[SocketReader] [4] Received 38 bytes
[SocketReader] [4] Readed message:
	type: 4
	size: 22
	text: [Error] invalid action
[SocketWriter] [4] Writed 16 bytes
[SocketWriter] [4] message:
	type: 3
	size: 0
	text: 
[SocketReader] [4] Received 38 bytes
[SocketReader] [4] Readed message:
	type: 4
	size: 22
	text: [Error] invalid action
[SocketWriter] [4] Writed 16 bytes
[SocketWriter] [4] message:
	type: 3
	size: 0
	text: 
[SocketReader] [4] Received 38 bytes
[SocketReader] [4] Readed message:
	type: 4
	size: 22
	text: [Error] invalid action
[SocketWriter] [4] Writed 16 bytes
[SocketWriter] [4] message:
	type: 3
	size: 0
	text: 
[SocketReader] [4] Received 38 bytes
[SocketReader] [4] Readed message:
	type: 4
	size: 22
	text: [Error] invalid action
[SocketWriter] [4] Writed 16 bytes
[SocketWriter] [4] message:
	type: 3
	size: 0
	text: 
[SocketReader] [4] Received 38 bytes
[SocketReader] [4] Readed message:
	type: 4
	size: 22
	text: [Error] invalid action
[SocketWriter] [4] Writed 16 bytes
[SocketWriter] [4] message:
	type: 3
	size: 0
	text: 
[SocketReader] [4] Received 38 bytes
[SocketReader] [4] Readed message:
	type: 4
	size: 22
	text: [Error] invalid action
[SocketWriter] [4] Writed 16 bytes
[SocketWriter] [4] message:
	type: 3
	size: 0
	text: 
[SocketReader] [4] Received 38 bytes
[SocketReader] [4] Readed message:
	type: 4
	size: 22
	text: [Error] invalid action
[SocketWriter] [4] Writed 16 bytes
[SocketWriter] [4] message:
	type: 3
	size: 0
	text: 
[SocketReader] [4] Received 38 bytes
[SocketReader] [4] Readed message:
	type: 4
	size: 22
	text: [Error] invalid action
[SocketWriter] [4] Writed 16 bytes
[SocketWriter] [4] message:
	type: 3
	size: 0
	text: 
[SocketReader] [4] Received 38 bytes
[SocketReader] [4] Readed message:
	type: 4
	size: 22
	text: [Error] invalid action
[SocketWriter] [4] Writed 16 bytes
[SocketWriter] [4] message:
	type: 3
	size: 0
	text: 
[SocketReader] [4] Received 38 bytes
[SocketReader] [4] Readed message:
	type: 4
	size: 22
	text: [Error] invalid action
[SocketWriter] [4] Writed 16 bytes
[SocketWriter] [4] message:
	type: 3
	size: 0
	text: 
[SocketReader] [4] Received 38 bytes
[SocketReader] [4] Readed message:
	type: 4
	size: 22
	text: [Error] invalid action
[SocketWriter] [4] Writed 16 bytes
[SocketWriter] [4] message:
	type: 3
	size: 0
	text: 
[SocketReader] [4] Received 38 bytes
[SocketReader] [4] Readed message:
	type: 4
	size: 22
	text: [Error] invalid action
[SocketWriter] [4] Writed 16 bytes
[SocketWriter] [4] message:
	type: 3
	size: 0
	text: 
[SocketReader] [4] Received 38 bytes
[SocketReader] [4] Readed message:
	type: 4
	size: 22
	text: [Error] invalid action
[SocketWriter] [4] Writed 16 bytes
[SocketWriter] [4] message:
	type: 3
	size: 0
	text: 
[SocketReader] [4] Received 38 bytes
[SocketReader] [4] Readed message:
	type: 4
	size: 22
	text: [Error] invalid action
[SocketWriter] [4] Writed 16 bytes
[SocketWriter] [4] message:
	type: 3
	size: 0
	text: 
[SocketReader] [4] Received 38 bytes
[SocketReader] [4] Readed message:
	type: 4
	size: 22
	text: [Error] invalid action
[SocketWriter] [4] Writed 16 bytes
[SocketWriter] [4] message:
	type: 3
	size: 0
	text: 
[SocketReader] [4] Received 38 bytes
[SocketReader] [4] Readed message:
	type: 4
	size: 22
	text: [Error] invalid action
[SocketWriter] [4] Writed 16 bytes
[SocketWriter] [4] message:
	type: 3
	size: 0
	text: 
[SocketReader] [4] Received 38 bytes
[SocketReader] [4] Readed message:
	type: 4
	size: 22
	text: [Error] invalid action
[SocketWriter] [4] Writed 16 bytes
[SocketWriter] [4] message:
	type: 3
	size: 0
	text: 
[SocketReader] [4] Received 38 bytes
[SocketReader] [4] Readed message:
	type: 4
	size: 22
	text: [Error] invalid action
[SocketWriter] [4] Writed 16 bytes
[SocketWriter] [4] message:
	type: 3
	size: 0
	text: 
[SocketReader] [4] Received 38 bytes
[SocketReader] [4] Readed message:
	type: 4
	size: 22
	text: [Error] invalid action
[SocketWriter] [4] Writed 16 bytes
[SocketWriter] [4] message:
	type: 3
	size: 0
	text: 
[SocketReader] [4] Received 38 bytes
[SocketReader] [4] Readed message:
	type: 4
	size: 22
	text: [Error] invalid action
[SocketWriter] [4] Writed 16 bytes
[SocketWriter] [4] message:
	type: 3
	size: 0
	text: 
[SocketReader] [4] Received 38 bytes
[SocketReader] [4] Readed message:
	type: 4
	size: 22
	text: [Error] invalid action
[SocketWriter] [4] Writed 16 bytes
[SocketWriter] [4] message:
	type: 3
	size: 0
	text: 
[SocketReader] [4] Received 38 bytes
[SocketReader] [4] Readed message:
	type: 4
	size: 22
	text: [Error] invalid action
[SocketWriter] [4] Writed 16 bytes
[SocketWriter] [4] message:
	type: 3
	size: 0
	text: 
[SocketReader] [4] Received 38 bytes
[SocketReader] [4] Readed message:
	type: 4
	size: 22
	text: [Error] invalid action
[SocketWriter] [4] Writed 16 bytes
[SocketWriter] [4] message:
	type: 3
	size: 0
	text: 
[SocketReader] [4] Received 38 bytes
[SocketReader] [4] Readed message:
	type: 4
	size: 22
	text: [Error] invalid action
[SocketWriter] [4] Writed 16 bytes
[SocketWriter] [4] message:
	type: 3
	size: 0
	text: 
[SocketReader] [4] Received 38 bytes
[SocketReader] [4] Readed message:
	type: 4
	size: 22
	text: [Error] invalid action
[SocketWriter] [4] Writed 16 bytes
[SocketWriter] [4] message:
	type: 3
	size: 0
	text: 
[SocketReader] [4] Received 38 bytes
[SocketReader] [4] Readed message:
	type: 4
	size: 22
	text: [Error] invalid action
[SocketWriter] [4] Writed 16 bytes
[SocketWriter] [4] message:
	type: 3
	size: 0
	text: 
[SocketReader] [4] Received 38 bytes
[SocketReader] [4] Readed message:
	type: 4
	size: 22
	text: [Error] invalid action
[SocketWriter] [4] Writed 16 bytes
[SocketWriter] [4] message:
	type: 3
	size: 0
	text: 
[SocketReader] [4] Received 38 bytes
[SocketReader] [4] Readed message:
	type: 4
	size: 22
	text: [Error] invalid action
[SocketWriter] [4] Writed 16 bytes
[SocketWriter] [4] message:
	type: 3
	size: 0
	text: 
[SocketReader] [4] Received 38 bytes
[SocketReader] [4] Readed message:
	type: 4
	size: 22
	text: [Error] invalid action
[SocketWriter] [4] Writed 16 bytes
[SocketWriter] [4] message:
	type: 3
	size: 0
	text: 
[SocketReader] [4] Received 38 bytes
[SocketReader] [4] Readed message:
	type: 4
	size: 22
	text: [Error] invalid action
[SocketWriter] [4] Writed 16 bytes
[SocketWriter] [4] message:
	type: 3
	size: 0
	text: 
[SocketReader] [4] Received 38 bytes
[SocketReader] [4] Readed message:
	type: 4
	size: 22
	text: [Error] invalid action
[SocketWriter] [4] Writed 16 bytes
[SocketWriter] [4] message:
	type: 3
	size: 0
	text: 
[SocketReader] [4] Received 38 bytes
[SocketReader] [4] Readed message:
	type: 4
	size: 22
	text: [Error] invalid action
[SocketWriter] [4] Writed 16 bytes
[SocketWriter] [4] message:
	type: 3
	size: 0
	text: 
[SocketReader] [4] Received 38 bytes
[SocketReader] [4] Readed message:
	type: 4
	size: 22
	text: [Error] invalid action
[SocketWriter] [4] Writed 16 bytes
[SocketWriter] [4] message:
	type: 3
	size: 0
	text: 
[SocketReader] [4] Received 38 bytes
[SocketReader] [4] Readed message:
	type: 4
	size: 22
	text: [Error] invalid action
[SocketWriter] [4] Writed 16 bytes
[SocketWriter] [4] message:
	type: 3
	size: 0
	text: 
[SocketReader] [4] Received 38 bytes
[SocketReader] [4] Readed message:
	type: 4
	size: 22
	text: [Error] invalid action
[SocketWriter] [4] Writed 16 bytes
[SocketWriter] [4] message:
	type: 3
	size: 0
	text: 
[SocketReader] [4] Received 38 bytes
[SocketReader] [4] Readed message:
	type: 4
	size: 22
	text: [Error] invalid action
[SocketWriter] [4] Writed 16 bytes
[SocketWriter] [4] message:
	type: 3
	size: 0
	text: 
[SocketReader] [4] Received 38 bytes
[SocketReader] [4] Readed message:
	type: 4
	size: 22
	text: [Error] invalid action
[SocketWriter] [4] Writed 16 bytes
[SocketWriter] [4] message:
	type: 3
	size: 0
	text: 
[SocketReader] [4] Received 38 bytes
[SocketReader] [4] Readed message:
	type: 4
	size: 22
	text: [Error] invalid action
[SocketWriter] [4] Writed 16 bytes
[SocketWriter] [4] message:
	type: 3
	size: 0
	text: 
[SocketReader] [4] Received 38 bytes
[SocketReader] [4] Readed message:
	type: 4
	size: 22
	text: [Error] invalid action
[SocketWriter] [4] Writed 16 bytes
[SocketWriter] [4] message:
	type: 3
	size: 0
	text: 
[SocketReader] [4] Received 38 bytes
[SocketReader] [4] Readed message:
	type: 4
	size: 22
	text: [Error] invalid action
[SocketWriter] [4] Writed 16 bytes
[SocketWriter] [4] message:
	type: 3
	size: 0
	text: 
[SocketReader] [4] Received 38 bytes
[SocketReader] [4] Readed message:
	type: 4
	size: 22
	text: [Error] invalid action
[SocketWriter] [4] Writed 16 bytes
[SocketWriter] [4] message:
	type: 3
	size: 0
	text: 
[SocketReader] [4] Received 38 bytes
[SocketReader] [4] Readed message:
	type: 4
	size: 22
	text: [Error] invalid action
[SocketWriter] [4] Writed 16 bytes
[SocketWriter] [4] message:
	type: 3
	size: 0
	text: 
[SocketReader] [4] Received 38 bytes
[SocketReader] [4] Readed message:
	type: 4
	size: 22
	text: [Error] invalid action
[SocketWriter] [4] Writed 16 bytes
[SocketWriter] [4] message:
	type: 3
	size: 0
	text: 
[SocketReader] [4] Received 38 bytes
[SocketReader] [4] Readed message:
	type: 4
	size: 22
	text: [Error] invalid action
[SocketWriter] [4] Writed 16 bytes
[SocketWriter] [4] message:
	type: 3
	size: 0
	text: 
[SocketReader] [4] Received 38 bytes
[SocketReader] [4] Readed message:
	type: 4
	size: 22
	text: [Error] invalid action
[SocketWriter] [4] Writed 16 bytes
[SocketWriter] [4] message:
	type: 3
	size: 0
	text: 
[SocketReader] [4] Received 38 bytes
[SocketReader] [4] Readed message:
	type: 4
	size: 22
	text: [Error] invalid action
[SocketWriter] [4] Writed 16 bytes
[SocketWriter] [4] message:
	type: 3
	size: 0
	text: 
[SocketReader] [4] Received 38 bytes
[SocketReader] [4] Readed message:
	type: 4
	size: 22
	text: [Error] invalid action
[SocketWriter] [4] Writed 16 bytes
[SocketWriter] [4] message:
	type: 3
	size: 0
	text: 
[SocketReader] [4] Received 38 bytes
[SocketReader] [4] Readed message:
	type: 4
	size: 22
	text: [Error] invalid action
[SocketWriter] [4] Writed 16 bytes
[SocketWriter] [4] message:
	type: 3
	size: 0
	text: 
[SocketReader] [4] Received 38 bytes
[SocketReader] [4] Readed message:
	type: 4
	size: 22
	text: [Error] invalid action
[SocketWriter] [4] Writed 16 bytes
[SocketWriter] [4] message:
	type: 3
	size: 0
	text: 
[SocketReader] [4] Received 38 bytes
[SocketReader] [4] Readed message:
	type: 4
	size: 22
	text: [Error] invalid action
[SocketWriter] [4] Writed 16 bytes
[SocketWriter] [4] message:
	type: 3
	size: 0
	text: 
[SocketReader] [4] Received 38 bytes
[SocketReader] [4] Readed message:
	type: 4
	size: 22
	text: [Error] invalid action
[SocketWriter] [4] Writed 16 bytes
[SocketWriter] [4] message:
	type: 3
	size: 0
	text: 
[SocketReader] [4] Received 38 bytes
[SocketReader] [4] Readed message:
	type: 4
	size: 22
	text: [Error] invalid action
[SocketWriter] [4] Writed 16 bytes
[SocketWriter] [4] message:
	type: 3
	size: 0
	text: 
[SocketReader] [4] Received 38 bytes
[SocketReader] [4] Readed message:
	type: 4
	size: 22
	text: [Error] invalid action
[SocketWriter] [4] Writed 16 bytes
[SocketWriter] [4] message:
	type: 3
	size: 0
	text: 
[SocketReader] [4] Received 38 bytes
[SocketReader] [4] Readed message:
	type: 4
	size: 22
	text: [Error] invalid action
[SocketWriter] [4] Writed 16 bytes
[SocketWriter] [4] message:
	type: 3
	size: 0
	text: 
[SocketReader] [4] Received 38 bytes
[SocketReader] [4] Readed message:
	type: 4
	size: 22
	text: [Error] invalid action
[SocketWriter] [4] Writed 16 bytes
[SocketWriter] [4] message:
	type: 3
	size: 0
	text: 
[SocketReader] [4] Received 38 bytes
[SocketReader] [4] Readed message:
	type: 4
	size: 22
	text: [Error] invalid action
[SocketWriter] [4] Writed 16 bytes
[SocketWriter] [4] message:
	type: 3
	size: 0
	text: 
[SocketReader] [4] Received 38 bytes
[SocketReader] [4] Readed message:
	type: 4
	size: 22
	text: [Error] invalid action
[SocketWriter] [4] Writed 16 bytes
[SocketWriter] [4] message:
	type: 3
	size: 0
	text: 
[SocketReader] [4] Received 38 bytes
[SocketReader] [4] Readed message:
	type: 4
	size: 22
	text: [Error] invalid action
[SocketWriter] [4] Writed 16 bytes
[SocketWriter] [4] message:
	type: 3
	size: 0
	text: 
[SocketReader] [4] Received 38 bytes
[SocketReader] [4] Readed message:
	type: 4
	size: 22
	text: [Error] invalid action
[SocketWriter] [4] Writed 16 bytes
[SocketWriter] [4] message:
	type: 3
	size: 0
	text: 
[SocketReader] [4] Received 38 bytes
[SocketReader] [4] Readed message:
	type: 4
	size: 22
	text: [Error] invalid action
[SocketWriter] [4] Writed 16 bytes
[SocketWriter] [4] message:
	type: 3
	size: 0
	text: 
[SocketReader] [4] Received 38 bytes
[SocketReader] [4] Readed message:
	type: 4
	size: 22
	text: [Error] invalid action
[SocketWriter] [4] Writed 16 bytes
[SocketWriter] [4] message:
	type: 3
	size: 0
	text: 
[SocketReader] [4] Received 38 bytes
[SocketReader] [4] Readed message:
	type: 4
	size: 22
	text: [Error] invalid action
[SocketWriter] [4] Writed 16 bytes
[SocketWriter] [4] message:
	type: 3
	size: 0
	text: 
[SocketReader] [4] Received 38 bytes
[SocketReader] [4] Readed message:
	type: 4
	size: 22
	text: [Error] invalid action
[SocketWriter] [4] Writed 16 bytes
[SocketWriter] [4] message:
	type: 3
	size: 0
	text: 
[SocketReader] [4] Received 38 bytes
[SocketReader] [4] Readed message:
	type: 4
	size: 22
	text: [Error] invalid action
[SocketWriter] [4] Writed 16 bytes
[SocketWriter] [4] message:
	type: 3
	size: 0
	text: 
[SocketReader] [4] Received 38 bytes
[SocketReader] [4] Readed message:
	type: 4
	size: 22
	text: [Error] invalid action
[SocketWriter] [4] Writed 16 bytes
[SocketWriter] [4] message:
	type: 3
	size: 0
	text: 
[SocketReader] [4] Received 38 bytes
[SocketReader] [4] Readed message:
	type: 4
	size: 22
	text: [Error] invalid action
[SocketWriter] [4] Writed 16 bytes
[SocketWriter] [4] message:
	type: 3
	size: 0
	text: 
[SocketReader] [4] Received 38 bytes
[SocketReader] [4] Readed message:
	type: 4
	size: 22
	text: [Error] invalid action
[SocketWriter] [4] Writed 16 bytes
[SocketWriter] [4] message:
	type: 3
	size: 0
	text: 
[SocketReader] [4] Received 38 bytes
[SocketReader] [4] Readed message:
	type: 4
	size: 22
	text: [Error] invalid action
[SocketWriter] [4] Writed 16 bytes
[SocketWriter] [4] message:
	type: 3
	size: 0
	text: 
[SocketReader] [4] Received 38 bytes
[SocketReader] [4] Readed message:
	type: 4
	size: 22
	text: [Error] invalid action
[SocketWriter] [4] Writed 16 bytes
[SocketWriter] [4] message:
	type: 3
	size: 0
	text: 
[SocketReader] [4] Received 38 bytes
[SocketReader] [4] Readed message:
	type: 4
	size: 22
	text: [Error] invalid action
[SocketWriter] [4] Writed 16 bytes
[SocketWriter] [4] message:
	type: 3
	size: 0
	text: 
[SocketReader] [4] Received 38 bytes
[SocketReader] [4] Readed message:
	type: 4
	size: 22
	text: [Error] invalid action
[SocketWriter] [4] Writed 16 bytes
[SocketWriter] [4] message:
	type: 3
	size: 0
	text: 
[SocketReader] [4] Received 38 bytes
[SocketReader] [4] Readed message:
	type: 4
	size: 22
	text: [Error] invalid action
[SocketWriter] [4] Writed 16 bytes
[SocketWriter] [4] message:
	type: 3
	size: 0
	text: 
[SocketReader] [4] Received 38 bytes
[SocketReader] [4] Readed message:
	type: 4
	size: 22
	text: [Error] invalid action
[SocketWriter] [4] Writed 16 bytes
[SocketWriter] [4] message:
	type: 3
	size: 0
	text: 
[SocketReader] [4] Received 38 bytes
[SocketReader] [4] Readed message:
	type: 4
	size: 22
	text: [Error] invalid action
[SocketWriter] [4] Writed 16 bytes
[SocketWriter] [4] message:
	type: 3
	size: 0
	text: 
[SocketReader] [4] Received 38 bytes
[SocketReader] [4] Readed message:
	type: 4
	size: 22
	text: [Error] invalid action
[SocketWriter] [4] Writed 16 bytes
[SocketWriter] [4] message:
	type: 3
	size: 0
	text: 
[SocketReader] [4] Received 38 bytes
[SocketReader] [4] Readed message:
	type: 4
	size: 22
	text: [Error] invalid action
[SocketWriter] [4] Writed 16 bytes
[SocketWriter] [4] message:
	type: 3
	size: 0
	text: 
[SocketReader] [4] Received 38 bytes
[SocketReader] [4] Readed message:
	type: 4
	size: 22
	text: [Error] invalid action
[SocketWriter] [4] Writed 16 bytes
[SocketWriter] [4] message:
	type: 3
	size: 0
	text: 
[SocketReader] [4] Received 38 bytes
[SocketReader] [4] Readed message:
	type: 4
	size: 22
	text: [Error] invalid action
[SocketWriter] [4] Writed 16 bytes
[SocketWriter] [4] message:
	type: 3
	size: 0
	text: 
[SocketReader] [4] Received 38 bytes
[SocketReader] [4] Readed message:
	type: 4
	size: 22
	text: [Error] invalid action
[SocketWriter] [4] Writed 16 bytes
[SocketWriter] [4] message:
	type: 3
	size: 0
	text: 
[SocketReader] [4] Received 38 bytes
[SocketReader] [4] Readed message:
	type: 4
	size: 22
	text: [Error] invalid action
[SocketWriter] [4] Writed 16 bytes
[SocketWriter] [4] message:
	type: 3
	size: 0
	text: 
